# JRE version: Java(TM) SE Runtime Environment (7.0_80-b15) (build 1.7.0_80-b15)
# Java VM: Java HotSpot(TM) 64-Bit Server VM (24.80-b11 mixed mode linux-amd64 compressed oops)
Heap
 PSYoungGen      total 410112K, used 0K [0x00000007d7000000, 0x0000000800000000, 0x0000000800000000)
  eden space 333824K, 0% used [0x00000007d7000000,0x00000007d7000000,0x00000007eb600000)
  from space 76288K, 0% used [0x00000007fb580000,0x00000007fb580000,0x0000000800000000)
  to   space 168960K, 0% used [0x00000007eb600000,0x00000007eb600000,0x00000007f5b00000)
 ParOldGen       total 775168K, used 512977K [0x0000000785000000, 0x00000007b4500000, 0x00000007d7000000)
  object space 775168K, 66% used [0x0000000785000000,0x00000007a44f44c0,0x00000007b4500000)
 PSPermGen       total 83968K, used 72007K [0x000000077fe00000, 0x0000000785000000, 0x0000000785000000)
  object space 83968K, 85% used [0x000000077fe00000,0x0000000784451db0,0x0000000785000000)
GC Heap History (10 events):
Event: 1044.883 GC heap after
Heap after GC invocations=2209 (full 15):
 PSYoungGen      total 603648K, used 7200K [0x00000007d7000000, 0x0000000800000000, 0x0000000800000000)
  eden space 536576K, 0% used [0x00000007d7000000,0x00000007d7000000,0x00000007f7c00000)
  from space 67072K, 10% used [0x00000007fbe80000,0x00000007fc588030,0x0000000800000000)
  to   space 67584K, 0% used [0x00000007f7c00000,0x00000007f7c00000,0x00000007fbe00000)
 ParOldGen       total 775168K, used 471365K [0x0000000785000000, 0x00000007b4500000, 0x00000007d7000000)
  object space 775168K, 60% used [0x0000000785000000,0x00000007a1c515a0,0x00000007b4500000)
 PSPermGen       total 83968K, used 72007K [0x000000077fe00000, 0x0000000785000000, 0x0000000785000000)
  object space 83968K, 85% used [0x000000077fe00000,0x0000000784451fd8,0x0000000785000000)
}
Event: 1045.495 GC heap before
{Heap before GC invocations=2210 (full 15):
 PSYoungGen      total 603648K, used 543776K [0x00000007d7000000, 0x0000000800000000, 0x0000000800000000)
  eden space 536576K, 100% used [0x00000007d7000000,0x00000007f7c00000,0x00000007f7c00000)
  from space 67072K, 10% used [0x00000007fbe80000,0x00000007fc588030,0x0000000800000000)
  to   space 67584K, 0% used [0x00000007f7c00000,0x00000007f7c00000,0x00000007fbe00000)
 ParOldGen       total 775168K, used 486484K [0x0000000785000000, 0x00000007b4500000, 0x00000007d7000000)
  object space 775168K, 62% used [0x0000000785000000,0x00000007a2b15310,0x00000007b4500000)
 PSPermGen       total 83968K, used 72010K [0x000000077fe00000, 0x0000000785000000, 0x0000000785000000)
  object space 83968K, 85% used [0x000000077fe00000,0x0000000784452b98,0x0000000785000000)
Event: 1045.521 GC heap after
Heap after GC invocations=2210 (full 15):
 PSYoungGen      total 585216K, used 48277K [0x00000007d7000000, 0x0000000800000000, 0x0000000800000000)
  eden space 536576K, 0% used [0x00000007d7000000,0x00000007d7000000,0x00000007f7c00000)
  from space 48640K, 99% used [0x00000007f7c00000,0x00000007fab257d0,0x00000007fab80000)
  to   space 70656K, 0% used [0x00000007fbb00000,0x00000007fbb00000,0x0000000800000000)
 ParOldGen       total 775168K, used 486500K [0x0000000785000000, 0x00000007b4500000, 0x00000007d7000000)
  object space 775168K, 62% used [0x0000000785000000,0x00000007a2b19310,0x00000007b4500000)
 PSPermGen       total 83968K, used 72010K [0x000000077fe00000, 0x0000000785000000, 0x0000000785000000)
  object space 83968K, 85% used [0x000000077fe00000,0x0000000784452b98,0x0000000785000000)
}
Event: 1046.039 GC heap before
{Heap before GC invocations=2211 (full 15):
 PSYoungGen      total 585216K, used 584853K [0x00000007d7000000, 0x0000000800000000, 0x0000000800000000)
  eden space 536576K, 100% used [0x00000007d7000000,0x00000007f7c00000,0x00000007f7c00000)
  from space 48640K, 99% used [0x00000007f7c00000,0x00000007fab257d0,0x00000007fab80000)
  to   space 70656K, 0% used [0x00000007fbb00000,0x00000007fbb00000,0x0000000800000000)
 ParOldGen       total 775168K, used 486501K [0x0000000785000000, 0x00000007b4500000, 0x00000007d7000000)
  object space 775168K, 62% used [0x0000000785000000,0x00000007a2b195c0,0x00000007b4500000)
 PSPermGen       total 83968K, used 72010K [0x000000077fe00000, 0x0000000785000000, 0x0000000785000000)
  object space 83968K, 85% used [0x000000077fe00000,0x0000000784452b98,0x0000000785000000)
Event: 1046.051 GC heap after
Heap after GC invocations=2211 (full 15):
 PSYoungGen      total 589824K, used 56382K [0x00000007d7000000, 0x0000000800000000, 0x0000000800000000)
  eden space 519168K, 0% used [0x00000007d7000000,0x00000007d7000000,0x00000007f6b00000)
  from space 70656K, 79% used [0x00000007fbb00000,0x00000007ff20f950,0x0000000800000000)
  to   space 76288K, 0% used [0x00000007f6b00000,0x00000007f6b00000,0x00000007fb580000)
 ParOldGen       total 775168K, used 486509K [0x0000000785000000, 0x00000007b4500000, 0x00000007d7000000)
  object space 775168K, 62% used [0x0000000785000000,0x00000007a2b1b5c0,0x00000007b4500000)
 PSPermGen       total 83968K, used 72010K [0x000000077fe00000, 0x0000000785000000, 0x0000000785000000)
  object space 83968K, 85% used [0x000000077fe00000,0x0000000784452b98,0x0000000785000000)
}
Event: 1046.627 GC heap before
{Heap before GC invocations=2212 (full 15):
 PSYoungGen      total 589824K, used 551784K [0x00000007d7000000, 0x0000000800000000, 0x0000000800000000)
  eden space 519168K, 95% used [0x00000007d7000000,0x00000007f53ca868,0x00000007f6b00000)
  from space 70656K, 79% used [0x00000007fbb00000,0x00000007ff20f950,0x0000000800000000)
  to   space 76288K, 0% used [0x00000007f6b00000,0x00000007f6b00000,0x00000007fb580000)
 ParOldGen       total 775168K, used 538733K [0x0000000785000000, 0x00000007b4500000, 0x00000007d7000000)
  object space 775168K, 69% used [0x0000000785000000,0x00000007a5e1b5d0,0x00000007b4500000)
 PSPermGen       total 83968K, used 72024K [0x000000077fe00000, 0x0000000785000000, 0x0000000785000000)
  object space 83968K, 85% used [0x000000077fe00000,0x0000000784456178,0x0000000785000000)
Event: 1046.641 GC heap after
Heap after GC invocations=2212 (full 15):
 PSYoungGen      total 595456K, used 76276K [0x00000007d7000000, 0x0000000800000000, 0x0000000800000000)
  eden space 519168K, 0% used [0x00000007d7000000,0x00000007d7000000,0x00000007f6b00000)
  from space 76288K, 99% used [0x00000007f6b00000,0x00000007fb57d120,0x00000007fb580000)
  to   space 76288K, 0% used [0x00000007fb580000,0x00000007fb580000,0x0000000800000000)
 ParOldGen       total 775168K, used 538835K [0x0000000785000000, 0x00000007b4500000, 0x00000007d7000000)
  object space 775168K, 69% used [0x0000000785000000,0x00000007a5e34d98,0x00000007b4500000)
 PSPermGen       total 83968K, used 72024K [0x000000077fe00000, 0x0000000785000000, 0x0000000785000000)
  object space 83968K, 85% used [0x000000077fe00000,0x0000000784456178,0x0000000785000000)
}
Event: 1047.047 GC heap before
{Heap before GC invocations=2213 (full 15):
 PSYoungGen      total 595456K, used 595444K [0x00000007d7000000, 0x0000000800000000, 0x0000000800000000)
  eden space 519168K, 100% used [0x00000007d7000000,0x00000007f6b00000,0x00000007f6b00000)
  from space 76288K, 99% used [0x00000007f6b00000,0x00000007fb57d120,0x00000007fb580000)
  to   space 76288K, 0% used [0x00000007fb580000,0x00000007fb580000,0x0000000800000000)
 ParOldGen       total 775168K, used 538878K [0x0000000785000000, 0x00000007b4500000, 0x00000007d7000000)
  object space 775168K, 69% used [0x0000000785000000,0x00000007a5e3fbe8,0x00000007b4500000)
 PSPermGen       total 83968K, used 72025K [0x000000077fe00000, 0x0000000785000000, 0x0000000785000000)
  object space 83968K, 85% used [0x000000077fe00000,0x0000000784456450,0x0000000785000000)
Event: 1047.102 GC heap after
Heap after GC invocations=2213 (full 15):
 PSYoungGen      total 410112K, used 76273K [0x00000007d7000000, 0x0000000800000000, 0x0000000800000000)
  eden space 333824K, 0% used [0x00000007d7000000,0x00000007d7000000,0x00000007eb600000)
  from space 76288K, 99% used [0x00000007fb580000,0x00000007ffffc450,0x0000000800000000)
  to   space 168960K, 0% used [0x00000007eb600000,0x00000007eb600000,0x00000007f5b00000)
 ParOldGen       total 775168K, used 732650K [0x0000000785000000, 0x00000007b4500000, 0x00000007d7000000)
  object space 775168K, 94% used [0x0000000785000000,0x00000007b1b7a9d8,0x00000007b4500000)
 PSPermGen       total 83968K, used 72025K [0x000000077fe00000, 0x0000000785000000, 0x0000000785000000)
  object space 83968K, 85% used [0x000000077fe00000,0x0000000784456450,0x0000000785000000)
}
Event: 1047.102 GC heap before
{Heap before GC invocations=2214 (full 16):
 PSYoungGen      total 410112K, used 76273K [0x00000007d7000000, 0x0000000800000000, 0x0000000800000000)
  eden space 333824K, 0% used [0x00000007d7000000,0x00000007d7000000,0x00000007eb600000)
  from space 76288K, 99% used [0x00000007fb580000,0x00000007ffffc450,0x0000000800000000)
  to   space 168960K, 0% used [0x00000007eb600000,0x00000007eb600000,0x00000007f5b00000)
 ParOldGen       total 775168K, used 732650K [0x0000000785000000, 0x00000007b4500000, 0x00000007d7000000)
  object space 775168K, 94% used [0x0000000785000000,0x00000007b1b7a9d8,0x00000007b4500000)
 PSPermGen       total 83968K, used 72025K [0x000000077fe00000, 0x0000000785000000, 0x0000000785000000)
  object space 83968K, 85% used [0x000000077fe00000,0x0000000784456450,0x0000000785000000)

